<html>
<head>
<title>TestNG:  Default test</title>
<link href="../testng.css" rel="stylesheet" type="text/css" />
<link href="../my-testng.css" rel="stylesheet" type="text/css" />

<style type="text/css">
.log { display: none;} 
.stack-trace { display: none;} 
</style>
<script type="text/javascript">
<!--
function flip(e) {
  current = e.style.display;
  if (current == 'block') {
    e.style.display = 'none';
    return 0;
  }
  else {
    e.style.display = 'block';
    return 1;
  }
}

function toggleBox(szDivId, elem, msg1, msg2)
{
  var res = -1;  if (document.getElementById) {
    res = flip(document.getElementById(szDivId));
  }
  else if (document.all) {
    // this is the way old msie versions work
    res = flip(document.all[szDivId]);
  }
  if(elem) {
    if(res == 0) elem.innerHTML = msg1; else elem.innerHTML = msg2;
  }

}

function toggleAllBoxes() {
  if (document.getElementsByTagName) {
    d = document.getElementsByTagName('div');
    for (i = 0; i < d.length; i++) {
      if (d[i].className == 'log') {
        flip(d[i]);
      }
    }
  }
}

// -->
</script>

</head>
<body>
<h2 align='center'>Default test</h2><table border='1' align="center">
<tr>
<td>Tests passed/Failed/Skipped:</td><td>0/1/0</td>
</tr><tr>
<td>Started on:</td><td>Thu May 12 22:22:44 EDT 2022</td>
</tr>
<tr><td>Total time:</td><td>50 seconds (50622 ms)</td>
</tr><tr>
<td>Included groups:</td><td></td>
</tr><tr>
<td>Excluded groups:</td><td></td>
</tr>
</table><p/>
<small><i>(Hover the method name to see the test class name)</i></small><p/>
<table width='100%' border='1' class='invocation-failed'>
<tr><td colspan='4' align='center'><b>FAILED TESTS</b></td></tr>
<tr><td><b>Test method</b></td>
<td width="30%"><b>Exception</b></td>
<td width="10%"><b>Time (seconds)</b></td>
<td><b>Instance</b></td>
</tr>
<tr>
<td title='progresive.qa.test.auto.AutoTestRobust.bmwTest()'><b>bmwTest</b><br>Test class: progresive.qa.test.auto.AutoTestRobust<br/>
<a href="#Output-2125346660" onClick='toggleBox("Output-2125346660", this, "Show output", "Hide output");'>Show output</a>

<a href="#Output-2125346660" onClick="toggleAllBoxes();">Show all outputs</a>
<div class='log' id="Output-2125346660">
Element is Cliking : [[ChromeDriver: chrome on WINDOWS (7656ce0b4ac666a20b0c8cc7fc995cd2)] -> xpath: (//p[contains(text(),'Auto')])[1]]<br><br/>
Current URL is : https://www.progressive.com/home/home/#l<br><br/>
11418 : value passed to element : [[ChromeDriver: chrome on WINDOWS (7656ce0b4ac666a20b0c8cc7fc995cd2)] -> xpath: (//*[@name='ZipCode'])[1]]<br><br/>
Current URL is : https://www.progressive.com/home/home/#l<br><br/>
Element is Cliking : [[ChromeDriver: chrome on WINDOWS (7656ce0b4ac666a20b0c8cc7fc995cd2)] -> xpath: (//input[@name='qsButton'])[1]]<br><br/>
John : value passed to element : [[ChromeDriver: chrome on WINDOWS (7656ce0b4ac666a20b0c8cc7fc995cd2)] -> id: NameAndAddressEdit_embedded_questions_list_FirstName]<br><br/>
H : value passed to element : [[ChromeDriver: chrome on WINDOWS (7656ce0b4ac666a20b0c8cc7fc995cd2)] -> id: NameAndAddressEdit_embedded_questions_list_MiddleInitial]<br><br/>
Doe : value passed to element : [[ChromeDriver: chrome on WINDOWS (7656ce0b4ac666a20b0c8cc7fc995cd2)] -> id: NameAndAddressEdit_embedded_questions_list_LastName]<br><br/>
Sleeping for : 0.5 seconds zZzz..<br><br/>
II : value has been selected from the element : [[ChromeDriver: chrome on WINDOWS (7656ce0b4ac666a20b0c8cc7fc995cd2)] -> id: NameAndAddressEdit_embedded_questions_list_Suffix]<br><br/>
11/04/1987 : value passed to element : [[ChromeDriver: chrome on WINDOWS (7656ce0b4ac666a20b0c8cc7fc995cd2)] -> id: NameAndAddressEdit_embedded_questions_list_DateOfBirth]<br><br/>
12312 Liberty Avenue : value passed to element : [[ChromeDriver: chrome on WINDOWS (7656ce0b4ac666a20b0c8cc7fc995cd2)] -> id: NameAndAddressEdit_embedded_questions_list_MailingAddress]<br><br/>
2B : value passed to element : [[ChromeDriver: chrome on WINDOWS (7656ce0b4ac666a20b0c8cc7fc995cd2)] -> id: NameAndAddressEdit_embedded_questions_list_ApartmentUnit]<br><br/>
Jamaica : value passed to element : [[ChromeDriver: chrome on WINDOWS (7656ce0b4ac666a20b0c8cc7fc995cd2)] -> id: NameAndAddressEdit_embedded_questions_list_City]<br><br/>
[[ChromeDriver: chrome on WINDOWS (7656ce0b4ac666a20b0c8cc7fc995cd2)] -> tag name: checkbox-input] : is Not selected<br><br/>
Element is Cliking : [[ChromeDriver: chrome on WINDOWS (7656ce0b4ac666a20b0c8cc7fc995cd2)] -> tag name: checkbox-input]<br><br/>
Element is Cliking : [[ChromeDriver: chrome on WINDOWS (7656ce0b4ac666a20b0c8cc7fc995cd2)] -> class name: blue]<br><br/>
By.xpath: (//div[contains(.,'Required to continue')])[4] : Element is Present<br><br/>
Current URL is : https://autoinsurance1.progressivedirect.com/0/UQA/Quote/NameAndAddressEdit<br><br/>
12312 Liberty Avenue : value passed to element : [[ChromeDriver: chrome on WINDOWS (7656ce0b4ac666a20b0c8cc7fc995cd2)] -> id: NameAndAddressEdit_embedded_questions_list_MailingAddress]<br><br/>
2B : value passed to element : [[ChromeDriver: chrome on WINDOWS (7656ce0b4ac666a20b0c8cc7fc995cd2)] -> id: NameAndAddressEdit_embedded_questions_list_ApartmentUnit]<br><br/>
By.xpath: (//div[contains(.,'Required to continue')])[5] : Element is Present<br><br/>
Jamaica : value passed to element : [[ChromeDriver: chrome on WINDOWS (7656ce0b4ac666a20b0c8cc7fc995cd2)] -> id: NameAndAddressEdit_embedded_questions_list_City]<br><br/>
Current URL is : https://autoinsurance1.progressivedirect.com/0/UQA/Quote/NameAndAddressEdit<br><br/>
Element is Cliking : [[ChromeDriver: chrome on WINDOWS (7656ce0b4ac666a20b0c8cc7fc995cd2)] -> class name: blue]<br><br/>
Sleeping for : 0.5 seconds zZzz..<br><br/>
2022 : value has been selected from the element : [[ChromeDriver: chrome on WINDOWS (7656ce0b4ac666a20b0c8cc7fc995cd2)] -> id: VehiclesNew_embedded_questions_list_Year]<br><br/>
Sleeping for : 0.5 seconds zZzz..<br><br/>
BMW : value has been selected from the element : [[ChromeDriver: chrome on WINDOWS (7656ce0b4ac666a20b0c8cc7fc995cd2)] -> id: VehiclesNew_embedded_questions_list_Make]<br><br/>
Sleeping for : 0.5 seconds zZzz..<br><br/>
230 : value has been selected from the element : [[ChromeDriver: chrome on WINDOWS (7656ce0b4ac666a20b0c8cc7fc995cd2)] -> id: VehiclesNew_embedded_questions_list_Model]<br><br/>
Sleeping for : 0.5 seconds zZzz..<br><br/>
4TNC : value has been selected from the element : [[ChromeDriver: chrome on WINDOWS (7656ce0b4ac666a20b0c8cc7fc995cd2)] -> id: VehiclesNew_embedded_questions_list_VehicleUse]<br><br/>
[[ChromeDriver: chrome on WINDOWS (7656ce0b4ac666a20b0c8cc7fc995cd2)] -> tag name: checkbox-input] : is Not selected<br><br/>
Sleeping for : 0.5 seconds zZzz..<br><br/>
3 : value has been selected from the element : [[ChromeDriver: chrome on WINDOWS (7656ce0b4ac666a20b0c8cc7fc995cd2)] -> id: VehiclesNew_embedded_questions_list_OwnOrLease]<br><br/>
Sleeping for : 0.5 seconds zZzz..<br><br/>
E : value has been selected from the element : [[ChromeDriver: chrome on WINDOWS (7656ce0b4ac666a20b0c8cc7fc995cd2)] -> id: VehiclesNew_embedded_questions_list_LengthOfOwnership]<br><br/>
Sleeping for : 0.5 seconds zZzz..<br><br/>
5 : value has been selected from the element : [[ChromeDriver: chrome on WINDOWS (7656ce0b4ac666a20b0c8cc7fc995cd2)] -> id: VehiclesNew_embedded_questions_list_AntitheftDevice]<br><br/>
Element Not Found : Proxy element for: DefaultElementLocator 'By.id: VehiclesNew_embedded_questions_list_DayTimeRunningLights_Y'
Expected condition failed: waiting for visibility of Proxy element for: DefaultElementLocator 'By.id: VehiclesNew_embedded_questions_list_DayTimeRunningLights_Y' (tried for 10 second(s) with 500 milliseconds interval)<br><br/>
</div>
</td>
<td><div><pre>java.lang.AssertionError: null
	at org.testng.Assert.fail(Assert.java:110)
	at org.testng.Assert.fail(Assert.java:115)
	at commons.CommonActions.isSelected(CommonActions.java:92)
	at objects.VehicleDetailsPage.checkVehicleDaytimeLamp(VehicleDetailsPage.java:86)
	at objects.VehicleDetailsPage.vehicleDetailsPageSteps(VehicleDetailsPage.java:117)
	at progresive.qa.test.auto.AutoTestRobust.bmwTest(AutoTestRobust.java:15)
	at sun.reflect.NativeMethodAccessorImpl.invoke0(Native Method)
	at sun.reflect.NativeMethodAccessorImpl.invoke(NativeMethodAccessorImpl.java:62)
	at sun.reflect.DelegatingMethodAccessorImpl.invoke(DelegatingMethodAccessorImpl.java:43)
	at java.lang.reflect.Method.invoke(Method.java:498)
	at org.testng.internal.invokers.MethodInvocationHelper.invokeMethod(MethodInvocationHelper.java:135)
	at org.testng.internal.invokers.TestInvoker.invokeMethod(TestInvoker.java:673)
	at org.testng.internal.invokers.TestInvoker.invokeTestMethod(TestInvoker.java:220)
	at org.testng.internal.invokers.MethodRunner.runInSequence(MethodRunner.java:50)
	at org.testng.internal.invokers.TestInvoker$MethodInvocationAgent.invoke(TestInvoker.java:945)
	at org.testng.internal.invokers.TestInvoker.invokeTestMethods(TestInvoker.java:193)
	at org.testng.internal.invokers.TestMethodWorker.invokeTestMethods(TestMethodWorker.java:146)
	at org.testng.internal.invokers.TestMethodWorker.run(TestMethodWorker.java:128)
	at java.util.ArrayList.forEach(ArrayList.java:1259)
	at org.testng.TestRunner.privateRun(TestRunner.java:808)
	at org.testng.TestRunner.run(TestRunner.java:603)
	at org.testng.SuiteRunner.runTest(SuiteRunner.java:429)
	at org.testng.SuiteRunner.runSequentially(SuiteRunner.java:423)
	at org.testng.SuiteRunner.privateRun(SuiteRunner.java:383)
	at org.testng.SuiteRunner.run(SuiteRunner.java:326)
	at org.testng.SuiteRunnerWorker.runSuite(SuiteRunnerWorker.java:52)
	at org.testng.SuiteRunnerWorker.run(SuiteRunnerWorker.java:95)
	at org.testng.TestNG.runSuitesSequentially(TestNG.java:1249)
	at org.testng.TestNG.runSuitesLocally(TestNG.java:1169)
	at org.testng.TestNG.runSuites(TestNG.java:1092)
	at org.testng.TestNG.run(TestNG.java:1060)
	at org.testng.remote.AbstractRemoteTestNG.run(AbstractRemoteTestNG.java:115)
	at org.testng.remote.RemoteTestNG.initAndRun(RemoteTestNG.java:251)
	at org.testng.remote.RemoteTestNG.main(RemoteTestNG.java:77)
</pre></div><a href='#' onClick='toggleBox("stack-trace2125346660", this, "Click to show all stack frames", "Click to hide stack frames")'>Click to show all stack frames</a>
<div class='stack-trace' id='stack-trace2125346660'><pre>java.lang.AssertionError: null
	at org.testng.Assert.fail(Assert.java:110)
	at org.testng.Assert.fail(Assert.java:115)
	at commons.CommonActions.isSelected(CommonActions.java:92)
	at objects.VehicleDetailsPage.checkVehicleDaytimeLamp(VehicleDetailsPage.java:86)
	at objects.VehicleDetailsPage.vehicleDetailsPageSteps(VehicleDetailsPage.java:117)
	at progresive.qa.test.auto.AutoTestRobust.bmwTest(AutoTestRobust.java:15)
	at sun.reflect.NativeMethodAccessorImpl.invoke0(Native Method)
	at sun.reflect.NativeMethodAccessorImpl.invoke(NativeMethodAccessorImpl.java:62)
	at sun.reflect.DelegatingMethodAccessorImpl.invoke(DelegatingMethodAccessorImpl.java:43)
	at java.lang.reflect.Method.invoke(Method.java:498)
	at org.testng.internal.invokers.MethodInvocationHelper.invokeMethod(MethodInvocationHelper.java:135)
	at org.testng.internal.invokers.TestInvoker.invokeMethod(TestInvoker.java:673)
	at org.testng.internal.invokers.TestInvoker.invokeTestMethod(TestInvoker.java:220)
	at org.testng.internal.invokers.MethodRunner.runInSequence(MethodRunner.java:50)
	at org.testng.internal.invokers.TestInvoker$MethodInvocationAgent.invoke(TestInvoker.java:945)
	at org.testng.internal.invokers.TestInvoker.invokeTestMethods(TestInvoker.java:193)
	at org.testng.internal.invokers.TestMethodWorker.invokeTestMethods(TestMethodWorker.java:146)
	at org.testng.internal.invokers.TestMethodWorker.run(TestMethodWorker.java:128)
	at java.util.ArrayList.forEach(ArrayList.java:1259)
	at org.testng.TestRunner.privateRun(TestRunner.java:808)
	at org.testng.TestRunner.run(TestRunner.java:603)
	at org.testng.SuiteRunner.runTest(SuiteRunner.java:429)
	at org.testng.SuiteRunner.runSequentially(SuiteRunner.java:423)
	at org.testng.SuiteRunner.privateRun(SuiteRunner.java:383)
	at org.testng.SuiteRunner.run(SuiteRunner.java:326)
	at org.testng.SuiteRunnerWorker.runSuite(SuiteRunnerWorker.java:52)
	at org.testng.SuiteRunnerWorker.run(SuiteRunnerWorker.java:95)
	at org.testng.TestNG.runSuitesSequentially(TestNG.java:1249)
	at org.testng.TestNG.runSuitesLocally(TestNG.java:1169)
	at org.testng.TestNG.runSuites(TestNG.java:1092)
	at org.testng.TestNG.run(TestNG.java:1060)
	at org.testng.remote.AbstractRemoteTestNG.run(AbstractRemoteTestNG.java:115)
	at org.testng.remote.RemoteTestNG.initAndRun(RemoteTestNG.java:251)
	at org.testng.remote.RemoteTestNG.main(RemoteTestNG.java:77)
</pre></div></td>
<td>44</td>
<td>progresive.qa.test.auto.AutoTestRobust@5204062d</td></tr>
</table><p>
</body>
</html>