<?xml version="1.0" encoding="UTF-8"?>
<!-- Generated by org.testng.reporters.JUnitXMLReporter -->
<testsuite hostname="Nas" ignored="10" name="TestChrome" tests="3" failures="2" timestamp="2022-05-21T01:16:00 EDT" time="13.938" errors="0">
  <testcase name="dependsOnMethod" time="0.005" classname="progresive.qa.test.auto.AutoTestRobust"/>
  <testcase name="autoTestWithDataProviderClass" time="0.242" classname="progresive.qa.test.auto.AutoTestDataProviderClass">
    <failure type="java.lang.NullPointerException">
      <![CDATA[java.lang.NullPointerException
at reporting.JavaLog.log(JavaLog.java:15)
at commons.CommonActions.click(CommonActions.java:38)
at objects.LandingPage.clickAuto(LandingPage.java:26)
at objects.LandingPage.landingPageSteps(LandingPage.java:46)
at progresive.qa.test.auto.AutoTestDataProviderClass.autoTestWithDataProviderClass(AutoTestDataProviderClass.java:26)
at java.util.ArrayList.forEach(ArrayList.java:1259)
... Removed 27 stack frames]]>
    </failure>
  </testcase> <!-- autoTestWithDataProviderClass -->
  <testcase name="autoTestWithDataProviderClass" time="0.222" classname="progresive.qa.test.auto.AutoTestDataProviderClass">
    <failure type="java.lang.NullPointerException">
      <![CDATA[java.lang.NullPointerException
at reporting.JavaLog.log(JavaLog.java:15)
at commons.CommonActions.click(CommonActions.java:38)
at objects.LandingPage.clickAuto(LandingPage.java:26)
at objects.LandingPage.landingPageSteps(LandingPage.java:46)
at progresive.qa.test.auto.AutoTestDataProviderClass.autoTestWithDataProviderClass(AutoTestDataProviderClass.java:26)
at java.util.ArrayList.forEach(ArrayList.java:1259)
... Removed 27 stack frames]]>
    </failure>
  </testcase> <!-- autoTestWithDataProviderClass -->
  <testcase name="@BeforeSuite reportingInitiating" time="0.0" classname="base.BaseClass">
    <ignored/>
  </testcase> <!-- @BeforeSuite reportingInitiating -->
  <testcase name="homeTest1" time="0.0" classname="progressive.qa.test.home.HomeTest">
    <ignored/>
  </testcase> <!-- homeTest1 -->
  <testcase name="bmwTest" time="0.0" classname="progresive.qa.test.auto.AutoTestRobust">
    <ignored/>
  </testcase> <!-- bmwTest -->
  <testcase name="@AfterSuite endReport" time="0.0" classname="base.BaseClass">
    <ignored/>
  </testcase> <!-- @AfterSuite endReport -->
  <testcase name="dependsOnGroups" time="0.0" classname="progresive.qa.test.auto.AutoTestRobust">
    <ignored/>
  </testcase> <!-- dependsOnGroups -->
  <testcase name="bmwTestWithoutParam" time="0.0" classname="progresive.qa.test.auto.AutoTestRobust">
    <ignored/>
  </testcase> <!-- bmwTestWithoutParam -->
  <testcase name="homeTest2" time="0.0" classname="progressive.qa.test.home.HomeTest">
    <ignored/>
  </testcase> <!-- homeTest2 -->
  <testcase name="@AfterSuite endReport" time="0.0" classname="base.BaseClass">
    <ignored/>
  </testcase> <!-- @AfterSuite endReport -->
  <testcase name="@BeforeSuite reportingInitiating" time="0.0" classname="base.BaseClass">
    <ignored/>
  </testcase> <!-- @BeforeSuite reportingInitiating -->
  <testcase name="jeepTest" time="0.0" classname="progresive.qa.test.auto.AutoTestRobust">
    <ignored/>
  </testcase> <!-- jeepTest -->
</testsuite> <!-- TestChrome -->
