<html>
<head>
<title>TestNG:  TestFirefox</title>
<link href="../testng.css" rel="stylesheet" type="text/css" />
<link href="../my-testng.css" rel="stylesheet" type="text/css" />

<style type="text/css">
.log { display: none;} 
.stack-trace { display: none;} 
</style>
<script type="text/javascript">
<!--
function flip(e) {
  current = e.style.display;
  if (current == 'block') {
    e.style.display = 'none';
    return 0;
  }
  else {
    e.style.display = 'block';
    return 1;
  }
}

function toggleBox(szDivId, elem, msg1, msg2)
{
  var res = -1;  if (document.getElementById) {
    res = flip(document.getElementById(szDivId));
  }
  else if (document.all) {
    // this is the way old msie versions work
    res = flip(document.all[szDivId]);
  }
  if(elem) {
    if(res == 0) elem.innerHTML = msg1; else elem.innerHTML = msg2;
  }

}

function toggleAllBoxes() {
  if (document.getElementsByTagName) {
    d = document.getElementsByTagName('div');
    for (i = 0; i < d.length; i++) {
      if (d[i].className == 'log') {
        flip(d[i]);
      }
    }
  }
}

// -->
</script>

</head>
<body>
<h2 align='center'>TestFirefox</h2><table border='1' align="center">
<tr>
<td>Tests passed/Failed/Skipped:</td><td>0/1/0</td>
</tr><tr>
<td>Started on:</td><td>Tue May 17 22:17:57 EDT 2022</td>
</tr>
<tr><td>Total time:</td><td>43 seconds (43313 ms)</td>
</tr><tr>
<td>Included groups:</td><td></td>
</tr><tr>
<td>Excluded groups:</td><td>jeep home </td>
</tr>
</table><p/>
<small><i>(Hover the method name to see the test class name)</i></small><p/>
<table width='100%' border='1' class='invocation-failed'>
<tr><td colspan='4' align='center'><b>FAILED TESTS</b></td></tr>
<tr><td><b>Test method</b></td>
<td width="30%"><b>Exception</b></td>
<td width="10%"><b>Time (seconds)</b></td>
<td><b>Instance</b></td>
</tr>
<tr>
<td title='progresive.qa.test.auto.AutoTestRobust.bmwTestWithoutParam()'><b>bmwTestWithoutParam</b><br>Test class: progresive.qa.test.auto.AutoTestRobust<br/>
<a href="#Output-177267393" onClick='toggleBox("Output-177267393", this, "Show output", "Hide output");'>Show output</a>

<a href="#Output-177267393" onClick="toggleAllBoxes();">Show all outputs</a>
<div class='log' id="Output-177267393">
Element is Cliking : [[FirefoxDriver: firefox on WINDOWS (24d28c30-3fc6-4ec1-bc5b-917f69771f31)] -> xpath: (//p[contains(text(),'Auto')])[1]]<br><br/>
Current URL is : https://www.progressive.com/#s<br><br/>
11428 : value passed to element : [[FirefoxDriver: firefox on WINDOWS (24d28c30-3fc6-4ec1-bc5b-917f69771f31)] -> id: zipCode_overlay_subproducts]<br><br/>
Current URL is : https://www.progressive.com/#s<br><br/>
Element is Cliking : [[FirefoxDriver: firefox on WINDOWS (24d28c30-3fc6-4ec1-bc5b-917f69771f31)] -> id: qsButton_overlay_subproducts]<br><br/>
Jenny : value passed to element : [[FirefoxDriver: firefox on WINDOWS (24d28c30-3fc6-4ec1-bc5b-917f69771f31)] -> id: NameAndAddressEdit_embedded_questions_list_FirstName]<br><br/>
H : value passed to element : [[FirefoxDriver: firefox on WINDOWS (24d28c30-3fc6-4ec1-bc5b-917f69771f31)] -> id: NameAndAddressEdit_embedded_questions_list_MiddleInitial]<br><br/>
Doe : value passed to element : [[FirefoxDriver: firefox on WINDOWS (24d28c30-3fc6-4ec1-bc5b-917f69771f31)] -> id: NameAndAddressEdit_embedded_questions_list_LastName]<br><br/>
Sleeping for : 0.5 seconds zZzz..<br><br/>
II : value has been selected from the element : [[FirefoxDriver: firefox on WINDOWS (24d28c30-3fc6-4ec1-bc5b-917f69771f31)] -> id: NameAndAddressEdit_embedded_questions_list_Suffix]<br><br/>
11/04/1987 : value passed to element : [[FirefoxDriver: firefox on WINDOWS (24d28c30-3fc6-4ec1-bc5b-917f69771f31)] -> id: NameAndAddressEdit_embedded_questions_list_DateOfBirth]<br><br/>
12312 Liberty Avenue : value passed to element : [[FirefoxDriver: firefox on WINDOWS (24d28c30-3fc6-4ec1-bc5b-917f69771f31)] -> id: NameAndAddressEdit_embedded_questions_list_MailingAddress]<br><br/>
2B : value passed to element : [[FirefoxDriver: firefox on WINDOWS (24d28c30-3fc6-4ec1-bc5b-917f69771f31)] -> id: NameAndAddressEdit_embedded_questions_list_ApartmentUnit]<br><br/>
Jamaica : value passed to element : [[FirefoxDriver: firefox on WINDOWS (24d28c30-3fc6-4ec1-bc5b-917f69771f31)] -> id: NameAndAddressEdit_embedded_questions_list_City]<br><br/>
[[FirefoxDriver: firefox on WINDOWS (24d28c30-3fc6-4ec1-bc5b-917f69771f31)] -> tag name: checkbox-input] : is Not selected<br><br/>
Element is Cliking : [[FirefoxDriver: firefox on WINDOWS (24d28c30-3fc6-4ec1-bc5b-917f69771f31)] -> tag name: checkbox-input]<br><br/>
Element is Cliking : [[FirefoxDriver: firefox on WINDOWS (24d28c30-3fc6-4ec1-bc5b-917f69771f31)] -> class name: blue]<br><br/>
By.xpath: (//div[contains(.,'Required to continue')])[4] : Element is Present<br><br/>
Current URL is : https://autoinsurance1.progressivedirect.com/0/UQA/Quote/NameAndAddressEdit<br><br/>
12312 Liberty Avenue : value passed to element : [[FirefoxDriver: firefox on WINDOWS (24d28c30-3fc6-4ec1-bc5b-917f69771f31)] -> id: NameAndAddressEdit_embedded_questions_list_MailingAddress]<br><br/>
2B : value passed to element : [[FirefoxDriver: firefox on WINDOWS (24d28c30-3fc6-4ec1-bc5b-917f69771f31)] -> id: NameAndAddressEdit_embedded_questions_list_ApartmentUnit]<br><br/>
By.xpath: (//div[contains(.,'Required to continue')])[5] : Element is Present<br><br/>
Jamaica : value passed to element : [[FirefoxDriver: firefox on WINDOWS (24d28c30-3fc6-4ec1-bc5b-917f69771f31)] -> id: NameAndAddressEdit_embedded_questions_list_City]<br><br/>
Current URL is : https://autoinsurance1.progressivedirect.com/0/UQA/Quote/NameAndAddressEdit<br><br/>
Element is Cliking : [[FirefoxDriver: firefox on WINDOWS (24d28c30-3fc6-4ec1-bc5b-917f69771f31)] -> class name: blue]<br><br/>
Sleeping for : 0.5 seconds zZzz..<br><br/>
Locator doesn't match for : Proxy element for: DefaultElementLocator 'By.id: VehiclesNew_embedded_questions_list_Year'
Unable to locate element: #VehiclesNew_embedded_questions_list_Year
For documentation on this error, please visit: https://selenium.dev/exceptions/#no_such_element
Build info: version: '4.1.3', revision: '7b1ebf28ef'
System info: host: 'NAS', ip: '192.168.1.168', os.name: 'Windows 10', os.arch: 'amd64', os.version: '10.0', java.version: '1.8.0_301'
Driver info: org.openqa.selenium.firefox.FirefoxDriver
Command: [24d28c30-3fc6-4ec1-bc5b-917f69771f31, findElement {using=id, value=VehiclesNew_embedded_questions_list_Year}]
Capabilities {acceptInsecureCerts: true, browserName: firefox, browserVersion: 97.0, javascriptEnabled: true, moz:accessibilityChecks: false, moz:buildID: 20220202182137, moz:debuggerAddress: localhost:50633, moz:geckodriverVersion: 0.30.0, moz:headless: false, moz:processID: 18980, moz:profile: C:\Users\mdnas\AppData\Loca..., moz:shutdownTimeout: 60000, moz:useNonSpecCompliantPointerOrigin: false, moz:webdriverClick: true, pageLoadStrategy: normal, platform: WINDOWS, platformName: WINDOWS, platformVersion: 10.0, proxy: Proxy(), se:cdp: ws://localhost:50633/devtoo..., se:cdpVersion: 85.0, setWindowRect: true, strictFileInteractability: false, timeouts: {implicit: 0, pageLoad: 300000, script: 30000}, unhandledPromptBehavior: dismiss and notify}
Session ID: 24d28c30-3fc6-4ec1-bc5b-917f69771f31<br><br/>
</div>
</td>
<td><div><pre>java.lang.AssertionError: null
	at commons.CommonActions.selectByValue(CommonActions.java:86)
	at objects.VehicleDetailsPage.selectVehicleYear(VehicleDetailsPage.java:43)
	at objects.VehicleDetailsPage.vehicleDetailsPageSteps(VehicleDetailsPage.java:110)
	at progresive.qa.test.auto.AutoTestRobust.bmwTestWithoutParam(AutoTestRobust.java:26)
	at java.util.ArrayList.forEach(ArrayList.java:1259)
... Removed 29 stack frames</pre></div><a href='#' onClick='toggleBox("stack-trace177267393", this, "Click to show all stack frames", "Click to hide stack frames")'>Click to show all stack frames</a>
<div class='stack-trace' id='stack-trace177267393'><pre>java.lang.AssertionError: null
	at org.testng.Assert.fail(Assert.java:110)
	at org.testng.Assert.fail(Assert.java:115)
	at commons.CommonActions.selectByValue(CommonActions.java:86)
	at objects.VehicleDetailsPage.selectVehicleYear(VehicleDetailsPage.java:43)
	at objects.VehicleDetailsPage.vehicleDetailsPageSteps(VehicleDetailsPage.java:110)
	at progresive.qa.test.auto.AutoTestRobust.bmwTestWithoutParam(AutoTestRobust.java:26)
	at sun.reflect.NativeMethodAccessorImpl.invoke0(Native Method)
	at sun.reflect.NativeMethodAccessorImpl.invoke(NativeMethodAccessorImpl.java:62)
	at sun.reflect.DelegatingMethodAccessorImpl.invoke(DelegatingMethodAccessorImpl.java:43)
	at java.lang.reflect.Method.invoke(Method.java:498)
	at org.testng.internal.invokers.MethodInvocationHelper.invokeMethod(MethodInvocationHelper.java:135)
	at org.testng.internal.invokers.TestInvoker.invokeMethod(TestInvoker.java:673)
	at org.testng.internal.invokers.TestInvoker.invokeTestMethod(TestInvoker.java:220)
	at org.testng.internal.invokers.MethodRunner.runInSequence(MethodRunner.java:50)
	at org.testng.internal.invokers.TestInvoker$MethodInvocationAgent.invoke(TestInvoker.java:945)
	at org.testng.internal.invokers.TestInvoker.invokeTestMethods(TestInvoker.java:193)
	at org.testng.internal.invokers.TestMethodWorker.invokeTestMethods(TestMethodWorker.java:146)
	at org.testng.internal.invokers.TestMethodWorker.run(TestMethodWorker.java:128)
	at java.util.ArrayList.forEach(ArrayList.java:1259)
	at org.testng.TestRunner.privateRun(TestRunner.java:808)
	at org.testng.TestRunner.run(TestRunner.java:603)
	at org.testng.SuiteRunner.runTest(SuiteRunner.java:429)
	at org.testng.SuiteRunner.runSequentially(SuiteRunner.java:423)
	at org.testng.SuiteRunner.privateRun(SuiteRunner.java:383)
	at org.testng.SuiteRunner.run(SuiteRunner.java:326)
	at org.testng.SuiteRunnerWorker.runSuite(SuiteRunnerWorker.java:52)
	at org.testng.SuiteRunnerWorker.run(SuiteRunnerWorker.java:95)
	at org.testng.TestNG.runSuitesSequentially(TestNG.java:1249)
	at org.testng.TestNG.runSuitesLocally(TestNG.java:1169)
	at org.testng.TestNG.runSuites(TestNG.java:1092)
	at org.testng.TestNG.run(TestNG.java:1060)
	at org.testng.remote.AbstractRemoteTestNG.run(AbstractRemoteTestNG.java:115)
	at org.testng.remote.RemoteTestNG.initAndRun(RemoteTestNG.java:251)
	at org.testng.remote.RemoteTestNG.main(RemoteTestNG.java:77)
</pre></div></td>
<td>35</td>
<td>progresive.qa.test.auto.AutoTestRobust@5e57643e</td></tr>
</table><p>
</body>
</html>