<?xml version="1.0" encoding="UTF-8"?>
<!-- Generated by org.testng.reporters.JUnitXMLReporter -->
<testsuite hostname="Nas" ignored="6" name="TestFirefox" tests="1" failures="1" timestamp="2022-05-17T22:18:40 EDT" time="43.313" errors="0">
  <testcase name="bmwTestWithoutParam" time="35.542" classname="progresive.qa.test.auto.AutoTestRobust">
    <failure type="java.lang.AssertionError" message="null">
      <![CDATA[java.lang.AssertionError: null
at commons.CommonActions.selectByValue(CommonActions.java:86)
at objects.VehicleDetailsPage.selectVehicleYear(VehicleDetailsPage.java:43)
at objects.VehicleDetailsPage.vehicleDetailsPageSteps(VehicleDetailsPage.java:110)
at progresive.qa.test.auto.AutoTestRobust.bmwTestWithoutParam(AutoTestRobust.java:26)
at java.util.ArrayList.forEach(ArrayList.java:1259)
... Removed 29 stack frames]]>
    </failure>
  </testcase> <!-- bmwTestWithoutParam -->
  <testcase name="homeTest1" time="0.0" classname="progressive.qa.test.home.HomeTest">
    <ignored/>
  </testcase> <!-- homeTest1 -->
  <testcase name="jeepTest" time="0.0" classname="progresive.qa.test.auto.AutoTestRobust">
    <ignored/>
  </testcase> <!-- jeepTest -->
  <testcase name="bmwTest" time="0.0" classname="progresive.qa.test.auto.AutoTestRobust">
    <ignored/>
  </testcase> <!-- bmwTest -->
  <testcase name="dependsOnMethod" time="0.0" classname="progresive.qa.test.auto.AutoTestRobust">
    <ignored/>
  </testcase> <!-- dependsOnMethod -->
  <testcase name="dependsOnGroups" time="0.0" classname="progresive.qa.test.auto.AutoTestRobust">
    <ignored/>
  </testcase> <!-- dependsOnGroups -->
  <testcase name="homeTest2" time="0.0" classname="progressive.qa.test.home.HomeTest">
    <ignored/>
  </testcase> <!-- homeTest2 -->
</testsuite> <!-- TestFirefox -->
