<?xml version="1.0" encoding="UTF-8"?>
<testng-results skipped="0" failed="2" ignored="1" retried="6" total="9" passed="0">
  <reporter-output>
    <line>
      <![CDATA[Test Failed & Sceenshot taken in location : C:\Users\mdnas\eclipse-workspace\com.progressive.2022\screenShots\error_06072022_04.58.07.png<br>]]>
    </line>
    <line>
      <![CDATA[Test Failed & Sceenshot taken in location : C:\Users\mdnas\eclipse-workspace\com.progressive.2022\screenShots\error_06072022_04.58.22.png<br>]]>
    </line>
  </reporter-output>
  <suite name="Suite" duration-ms="32886" started-at="2022-06-07T16:57:50 EDT" finished-at="2022-06-07T16:58:23 EDT">
    <groups>
      <group name="retry">
        <method signature="AutoTestHashMapDataProvider.retryTest()[pri:0, instance:progresive.qa.test.auto.AutoTestHashMapDataProvider@5f71c76a]" name="retryTest" class="progresive.qa.test.auto.AutoTestHashMapDataProvider"/>
        <method signature="AutoTestHashMapDataProvider.retryTest2()[pri:0, instance:progresive.qa.test.auto.AutoTestHashMapDataProvider@5f71c76a]" name="retryTest2" class="progresive.qa.test.auto.AutoTestHashMapDataProvider"/>
      </group> <!-- retry -->
    </groups>
    <test name="Test" duration-ms="32886" started-at="2022-06-07T16:57:50 EDT" finished-at="2022-06-07T16:58:23 EDT">
      <class name="progresive.qa.test.auto.AutoTestHashMapDataProvider">
        <test-method status="PASS" signature="reportingInitiating()[pri:0, instance:progresive.qa.test.auto.AutoTestHashMapDataProvider@5f71c76a]" name="reportingInitiating" is-config="true" duration-ms="256" started-at="2022-06-07T16:57:50 EDT" finished-at="2022-06-07T16:57:50 EDT">
          <reporter-output>
          </reporter-output>
        </test-method> <!-- reportingInitiating -->
        <test-method status="PASS" signature="setUp(java.lang.String)[pri:0, instance:progresive.qa.test.auto.AutoTestHashMapDataProvider@5f71c76a]" name="setUp" is-config="true" duration-ms="5090" started-at="2022-06-07T16:57:50 EDT" finished-at="2022-06-07T16:57:55 EDT">
          <params>
            <param index="0">
              <value>
                <![CDATA[chrome]]>
              </value>
            </param>
          </params>
          <reporter-output>
          </reporter-output>
        </test-method> <!-- setUp -->
        <test-method status="PASS" signature="startReport(java.lang.reflect.Method)[pri:0, instance:progresive.qa.test.auto.AutoTestHashMapDataProvider@5f71c76a]" name="startReport" is-config="true" duration-ms="12" started-at="2022-06-07T16:57:55 EDT" finished-at="2022-06-07T16:57:55 EDT">
          <params>
            <param index="0">
              <value>
                <![CDATA[public void progresive.qa.test.auto.AutoTestHashMapDataProvider.retryTest()]]>
              </value>
            </param>
          </params>
          <reporter-output>
          </reporter-output>
        </test-method> <!-- startReport -->
        <test-method status="SKIP" signature="retryTest()[pri:0, instance:progresive.qa.test.auto.AutoTestHashMapDataProvider@5f71c76a]" name="retryTest" duration-ms="8" retried="true" started-at="2022-06-07T16:57:55 EDT" finished-at="2022-06-07T16:57:55 EDT">
          <exception class="java.lang.AssertionError">
            <message>
              <![CDATA[null]]>
            </message>
            <full-stacktrace>
              <![CDATA[java.lang.AssertionError: null
at org.testng.Assert.fail(Assert.java:110)
at org.testng.Assert.fail(Assert.java:115)
at progresive.qa.test.auto.AutoTestHashMapDataProvider.retryTest(AutoTestHashMapDataProvider.java:40)
at sun.reflect.NativeMethodAccessorImpl.invoke0(Native Method)
at sun.reflect.NativeMethodAccessorImpl.invoke(NativeMethodAccessorImpl.java:62)
at sun.reflect.DelegatingMethodAccessorImpl.invoke(DelegatingMethodAccessorImpl.java:43)
at java.lang.reflect.Method.invoke(Method.java:498)
at org.testng.internal.invokers.MethodInvocationHelper.invokeMethod(MethodInvocationHelper.java:135)
at org.testng.internal.invokers.TestInvoker.invokeMethod(TestInvoker.java:673)
at org.testng.internal.invokers.TestInvoker.invokeTestMethod(TestInvoker.java:220)
at org.testng.internal.invokers.MethodRunner.runInSequence(MethodRunner.java:50)
at org.testng.internal.invokers.TestInvoker$MethodInvocationAgent.invoke(TestInvoker.java:945)
at org.testng.internal.invokers.TestInvoker.invokeTestMethods(TestInvoker.java:193)
at org.testng.internal.invokers.TestMethodWorker.invokeTestMethods(TestMethodWorker.java:146)
at org.testng.internal.invokers.TestMethodWorker.run(TestMethodWorker.java:128)
at java.util.ArrayList.forEach(ArrayList.java:1259)
at org.testng.TestRunner.privateRun(TestRunner.java:808)
at org.testng.TestRunner.run(TestRunner.java:603)
at org.testng.SuiteRunner.runTest(SuiteRunner.java:429)
at org.testng.SuiteRunner.runSequentially(SuiteRunner.java:423)
at org.testng.SuiteRunner.privateRun(SuiteRunner.java:383)
at org.testng.SuiteRunner.run(SuiteRunner.java:326)
at org.testng.SuiteRunnerWorker.runSuite(SuiteRunnerWorker.java:52)
at org.testng.SuiteRunnerWorker.run(SuiteRunnerWorker.java:95)
at org.testng.TestNG.runSuitesSequentially(TestNG.java:1249)
at org.testng.TestNG.runSuitesLocally(TestNG.java:1169)
at org.testng.TestNG.runSuites(TestNG.java:1092)
at org.testng.TestNG.run(TestNG.java:1060)
at org.testng.remote.AbstractRemoteTestNG.run(AbstractRemoteTestNG.java:115)
at org.testng.remote.RemoteTestNG.initAndRun(RemoteTestNG.java:251)
at org.testng.remote.RemoteTestNG.main(RemoteTestNG.java:77)
]]>
            </full-stacktrace>
          </exception> <!-- java.lang.AssertionError -->
          <reporter-output>
          </reporter-output>
        </test-method> <!-- retryTest -->
        <test-method status="PASS" signature="afterEachTestMethod(org.testng.ITestResult)[pri:0, instance:progresive.qa.test.auto.AutoTestHashMapDataProvider@5f71c76a]" name="afterEachTestMethod" is-config="true" duration-ms="5" started-at="2022-06-07T16:57:55 EDT" finished-at="2022-06-07T16:57:55 EDT">
          <params>
            <param index="0">
              <value>
                <![CDATA[[TestResult name=retryTest status=SKIP method=AutoTestHashMapDataProvider.retryTest()[pri:0, instance:progresive.qa.test.auto.AutoTestHashMapDataProvider@5f71c76a] output={null}]]]>
              </value>
            </param>
          </params>
          <reporter-output>
          </reporter-output>
        </test-method> <!-- afterEachTestMethod -->
        <test-method status="PASS" signature="cleaningUp()[pri:0, instance:progresive.qa.test.auto.AutoTestHashMapDataProvider@5f71c76a]" name="cleaningUp" is-config="true" duration-ms="679" started-at="2022-06-07T16:57:55 EDT" finished-at="2022-06-07T16:57:56 EDT">
          <reporter-output>
          </reporter-output>
        </test-method> <!-- cleaningUp -->
        <test-method status="PASS" signature="setUp(java.lang.String)[pri:0, instance:progresive.qa.test.auto.AutoTestHashMapDataProvider@5f71c76a]" name="setUp" is-config="true" duration-ms="3393" started-at="2022-06-07T16:57:56 EDT" finished-at="2022-06-07T16:58:00 EDT">
          <params>
            <param index="0">
              <value>
                <![CDATA[chrome]]>
              </value>
            </param>
          </params>
          <reporter-output>
          </reporter-output>
        </test-method> <!-- setUp -->
        <test-method status="PASS" signature="startReport(java.lang.reflect.Method)[pri:0, instance:progresive.qa.test.auto.AutoTestHashMapDataProvider@5f71c76a]" name="startReport" is-config="true" duration-ms="1" started-at="2022-06-07T16:58:00 EDT" finished-at="2022-06-07T16:58:00 EDT">
          <params>
            <param index="0">
              <value>
                <![CDATA[public void progresive.qa.test.auto.AutoTestHashMapDataProvider.retryTest()]]>
              </value>
            </param>
          </params>
          <reporter-output>
          </reporter-output>
        </test-method> <!-- startReport -->
        <test-method status="SKIP" signature="retryTest()[pri:0, instance:progresive.qa.test.auto.AutoTestHashMapDataProvider@5f71c76a]" name="retryTest" duration-ms="1" retried="true" started-at="2022-06-07T16:58:00 EDT" finished-at="2022-06-07T16:58:00 EDT">
          <exception class="java.lang.AssertionError">
            <message>
              <![CDATA[null]]>
            </message>
            <full-stacktrace>
              <![CDATA[java.lang.AssertionError: null
at org.testng.Assert.fail(Assert.java:110)
at org.testng.Assert.fail(Assert.java:115)
at progresive.qa.test.auto.AutoTestHashMapDataProvider.retryTest(AutoTestHashMapDataProvider.java:40)
at sun.reflect.NativeMethodAccessorImpl.invoke0(Native Method)
at sun.reflect.NativeMethodAccessorImpl.invoke(NativeMethodAccessorImpl.java:62)
at sun.reflect.DelegatingMethodAccessorImpl.invoke(DelegatingMethodAccessorImpl.java:43)
at java.lang.reflect.Method.invoke(Method.java:498)
at org.testng.internal.invokers.MethodInvocationHelper.invokeMethod(MethodInvocationHelper.java:135)
at org.testng.internal.invokers.TestInvoker.invokeMethod(TestInvoker.java:673)
at org.testng.internal.invokers.TestInvoker.retryFailed(TestInvoker.java:262)
at org.testng.internal.invokers.MethodRunner.runInSequence(MethodRunner.java:62)
at org.testng.internal.invokers.TestInvoker$MethodInvocationAgent.invoke(TestInvoker.java:945)
at org.testng.internal.invokers.TestInvoker.invokeTestMethods(TestInvoker.java:193)
at org.testng.internal.invokers.TestMethodWorker.invokeTestMethods(TestMethodWorker.java:146)
at org.testng.internal.invokers.TestMethodWorker.run(TestMethodWorker.java:128)
at java.util.ArrayList.forEach(ArrayList.java:1259)
at org.testng.TestRunner.privateRun(TestRunner.java:808)
at org.testng.TestRunner.run(TestRunner.java:603)
at org.testng.SuiteRunner.runTest(SuiteRunner.java:429)
at org.testng.SuiteRunner.runSequentially(SuiteRunner.java:423)
at org.testng.SuiteRunner.privateRun(SuiteRunner.java:383)
at org.testng.SuiteRunner.run(SuiteRunner.java:326)
at org.testng.SuiteRunnerWorker.runSuite(SuiteRunnerWorker.java:52)
at org.testng.SuiteRunnerWorker.run(SuiteRunnerWorker.java:95)
at org.testng.TestNG.runSuitesSequentially(TestNG.java:1249)
at org.testng.TestNG.runSuitesLocally(TestNG.java:1169)
at org.testng.TestNG.runSuites(TestNG.java:1092)
at org.testng.TestNG.run(TestNG.java:1060)
at org.testng.remote.AbstractRemoteTestNG.run(AbstractRemoteTestNG.java:115)
at org.testng.remote.RemoteTestNG.initAndRun(RemoteTestNG.java:251)
at org.testng.remote.RemoteTestNG.main(RemoteTestNG.java:77)
]]>
            </full-stacktrace>
          </exception> <!-- java.lang.AssertionError -->
          <reporter-output>
          </reporter-output>
        </test-method> <!-- retryTest -->
        <test-method status="PASS" signature="afterEachTestMethod(org.testng.ITestResult)[pri:0, instance:progresive.qa.test.auto.AutoTestHashMapDataProvider@5f71c76a]" name="afterEachTestMethod" is-config="true" duration-ms="1" started-at="2022-06-07T16:58:00 EDT" finished-at="2022-06-07T16:58:00 EDT">
          <params>
            <param index="0">
              <value>
                <![CDATA[[TestResult name=retryTest status=SKIP method=AutoTestHashMapDataProvider.retryTest()[pri:0, instance:progresive.qa.test.auto.AutoTestHashMapDataProvider@5f71c76a] output={null}]]]>
              </value>
            </param>
          </params>
          <reporter-output>
          </reporter-output>
        </test-method> <!-- afterEachTestMethod -->
        <test-method status="PASS" signature="cleaningUp()[pri:0, instance:progresive.qa.test.auto.AutoTestHashMapDataProvider@5f71c76a]" name="cleaningUp" is-config="true" duration-ms="645" started-at="2022-06-07T16:58:00 EDT" finished-at="2022-06-07T16:58:00 EDT">
          <reporter-output>
          </reporter-output>
        </test-method> <!-- cleaningUp -->
        <test-method status="PASS" signature="setUp(java.lang.String)[pri:0, instance:progresive.qa.test.auto.AutoTestHashMapDataProvider@5f71c76a]" name="setUp" is-config="true" duration-ms="2941" started-at="2022-06-07T16:58:00 EDT" finished-at="2022-06-07T16:58:03 EDT">
          <params>
            <param index="0">
              <value>
                <![CDATA[chrome]]>
              </value>
            </param>
          </params>
          <reporter-output>
          </reporter-output>
        </test-method> <!-- setUp -->
        <test-method status="SKIP" signature="retryTest()[pri:0, instance:progresive.qa.test.auto.AutoTestHashMapDataProvider@5f71c76a]" name="retryTest" duration-ms="1" retried="true" started-at="2022-06-07T16:58:03 EDT" finished-at="2022-06-07T16:58:03 EDT">
          <exception class="java.lang.AssertionError">
            <message>
              <![CDATA[null]]>
            </message>
            <full-stacktrace>
              <![CDATA[java.lang.AssertionError: null
at org.testng.Assert.fail(Assert.java:110)
at org.testng.Assert.fail(Assert.java:115)
at progresive.qa.test.auto.AutoTestHashMapDataProvider.retryTest(AutoTestHashMapDataProvider.java:40)
at sun.reflect.NativeMethodAccessorImpl.invoke0(Native Method)
at sun.reflect.NativeMethodAccessorImpl.invoke(NativeMethodAccessorImpl.java:62)
at sun.reflect.DelegatingMethodAccessorImpl.invoke(DelegatingMethodAccessorImpl.java:43)
at java.lang.reflect.Method.invoke(Method.java:498)
at org.testng.internal.invokers.MethodInvocationHelper.invokeMethod(MethodInvocationHelper.java:135)
at org.testng.internal.invokers.TestInvoker.invokeMethod(TestInvoker.java:673)
at org.testng.internal.invokers.TestInvoker.retryFailed(TestInvoker.java:262)
at org.testng.internal.invokers.MethodRunner.runInSequence(MethodRunner.java:62)
at org.testng.internal.invokers.TestInvoker$MethodInvocationAgent.invoke(TestInvoker.java:945)
at org.testng.internal.invokers.TestInvoker.invokeTestMethods(TestInvoker.java:193)
at org.testng.internal.invokers.TestMethodWorker.invokeTestMethods(TestMethodWorker.java:146)
at org.testng.internal.invokers.TestMethodWorker.run(TestMethodWorker.java:128)
at java.util.ArrayList.forEach(ArrayList.java:1259)
at org.testng.TestRunner.privateRun(TestRunner.java:808)
at org.testng.TestRunner.run(TestRunner.java:603)
at org.testng.SuiteRunner.runTest(SuiteRunner.java:429)
at org.testng.SuiteRunner.runSequentially(SuiteRunner.java:423)
at org.testng.SuiteRunner.privateRun(SuiteRunner.java:383)
at org.testng.SuiteRunner.run(SuiteRunner.java:326)
at org.testng.SuiteRunnerWorker.runSuite(SuiteRunnerWorker.java:52)
at org.testng.SuiteRunnerWorker.run(SuiteRunnerWorker.java:95)
at org.testng.TestNG.runSuitesSequentially(TestNG.java:1249)
at org.testng.TestNG.runSuitesLocally(TestNG.java:1169)
at org.testng.TestNG.runSuites(TestNG.java:1092)
at org.testng.TestNG.run(TestNG.java:1060)
at org.testng.remote.AbstractRemoteTestNG.run(AbstractRemoteTestNG.java:115)
at org.testng.remote.RemoteTestNG.initAndRun(RemoteTestNG.java:251)
at org.testng.remote.RemoteTestNG.main(RemoteTestNG.java:77)
]]>
            </full-stacktrace>
          </exception> <!-- java.lang.AssertionError -->
          <reporter-output>
          </reporter-output>
        </test-method> <!-- retryTest -->
        <test-method status="PASS" signature="startReport(java.lang.reflect.Method)[pri:0, instance:progresive.qa.test.auto.AutoTestHashMapDataProvider@5f71c76a]" name="startReport" is-config="true" duration-ms="0" started-at="2022-06-07T16:58:03 EDT" finished-at="2022-06-07T16:58:03 EDT">
          <params>
            <param index="0">
              <value>
                <![CDATA[public void progresive.qa.test.auto.AutoTestHashMapDataProvider.retryTest()]]>
              </value>
            </param>
          </params>
          <reporter-output>
          </reporter-output>
        </test-method> <!-- startReport -->
        <test-method status="PASS" signature="afterEachTestMethod(org.testng.ITestResult)[pri:0, instance:progresive.qa.test.auto.AutoTestHashMapDataProvider@5f71c76a]" name="afterEachTestMethod" is-config="true" duration-ms="0" started-at="2022-06-07T16:58:03 EDT" finished-at="2022-06-07T16:58:03 EDT">
          <params>
            <param index="0">
              <value>
                <![CDATA[[TestResult name=retryTest status=SKIP method=AutoTestHashMapDataProvider.retryTest()[pri:0, instance:progresive.qa.test.auto.AutoTestHashMapDataProvider@5f71c76a] output={null}]]]>
              </value>
            </param>
          </params>
          <reporter-output>
          </reporter-output>
        </test-method> <!-- afterEachTestMethod -->
        <test-method status="PASS" signature="cleaningUp()[pri:0, instance:progresive.qa.test.auto.AutoTestHashMapDataProvider@5f71c76a]" name="cleaningUp" is-config="true" duration-ms="658" started-at="2022-06-07T16:58:03 EDT" finished-at="2022-06-07T16:58:04 EDT">
          <reporter-output>
          </reporter-output>
        </test-method> <!-- cleaningUp -->
        <test-method status="PASS" signature="setUp(java.lang.String)[pri:0, instance:progresive.qa.test.auto.AutoTestHashMapDataProvider@5f71c76a]" name="setUp" is-config="true" duration-ms="3135" started-at="2022-06-07T16:58:04 EDT" finished-at="2022-06-07T16:58:07 EDT">
          <params>
            <param index="0">
              <value>
                <![CDATA[chrome]]>
              </value>
            </param>
          </params>
          <reporter-output>
          </reporter-output>
        </test-method> <!-- setUp -->
        <test-method status="PASS" signature="startReport(java.lang.reflect.Method)[pri:0, instance:progresive.qa.test.auto.AutoTestHashMapDataProvider@5f71c76a]" name="startReport" is-config="true" duration-ms="1" started-at="2022-06-07T16:58:07 EDT" finished-at="2022-06-07T16:58:07 EDT">
          <params>
            <param index="0">
              <value>
                <![CDATA[public void progresive.qa.test.auto.AutoTestHashMapDataProvider.retryTest()]]>
              </value>
            </param>
          </params>
          <reporter-output>
          </reporter-output>
        </test-method> <!-- startReport -->
        <test-method status="FAIL" signature="retryTest()[pri:0, instance:progresive.qa.test.auto.AutoTestHashMapDataProvider@5f71c76a]" name="retryTest" duration-ms="2" started-at="2022-06-07T16:58:07 EDT" finished-at="2022-06-07T16:58:07 EDT">
          <exception class="java.lang.AssertionError">
            <message>
              <![CDATA[null]]>
            </message>
            <full-stacktrace>
              <![CDATA[java.lang.AssertionError: null
at org.testng.Assert.fail(Assert.java:110)
at org.testng.Assert.fail(Assert.java:115)
at progresive.qa.test.auto.AutoTestHashMapDataProvider.retryTest(AutoTestHashMapDataProvider.java:40)
at sun.reflect.NativeMethodAccessorImpl.invoke0(Native Method)
at sun.reflect.NativeMethodAccessorImpl.invoke(NativeMethodAccessorImpl.java:62)
at sun.reflect.DelegatingMethodAccessorImpl.invoke(DelegatingMethodAccessorImpl.java:43)
at java.lang.reflect.Method.invoke(Method.java:498)
at org.testng.internal.invokers.MethodInvocationHelper.invokeMethod(MethodInvocationHelper.java:135)
at org.testng.internal.invokers.TestInvoker.invokeMethod(TestInvoker.java:673)
at org.testng.internal.invokers.TestInvoker.retryFailed(TestInvoker.java:262)
at org.testng.internal.invokers.MethodRunner.runInSequence(MethodRunner.java:62)
at org.testng.internal.invokers.TestInvoker$MethodInvocationAgent.invoke(TestInvoker.java:945)
at org.testng.internal.invokers.TestInvoker.invokeTestMethods(TestInvoker.java:193)
at org.testng.internal.invokers.TestMethodWorker.invokeTestMethods(TestMethodWorker.java:146)
at org.testng.internal.invokers.TestMethodWorker.run(TestMethodWorker.java:128)
at java.util.ArrayList.forEach(ArrayList.java:1259)
at org.testng.TestRunner.privateRun(TestRunner.java:808)
at org.testng.TestRunner.run(TestRunner.java:603)
at org.testng.SuiteRunner.runTest(SuiteRunner.java:429)
at org.testng.SuiteRunner.runSequentially(SuiteRunner.java:423)
at org.testng.SuiteRunner.privateRun(SuiteRunner.java:383)
at org.testng.SuiteRunner.run(SuiteRunner.java:326)
at org.testng.SuiteRunnerWorker.runSuite(SuiteRunnerWorker.java:52)
at org.testng.SuiteRunnerWorker.run(SuiteRunnerWorker.java:95)
at org.testng.TestNG.runSuitesSequentially(TestNG.java:1249)
at org.testng.TestNG.runSuitesLocally(TestNG.java:1169)
at org.testng.TestNG.runSuites(TestNG.java:1092)
at org.testng.TestNG.run(TestNG.java:1060)
at org.testng.remote.AbstractRemoteTestNG.run(AbstractRemoteTestNG.java:115)
at org.testng.remote.RemoteTestNG.initAndRun(RemoteTestNG.java:251)
at org.testng.remote.RemoteTestNG.main(RemoteTestNG.java:77)
]]>
            </full-stacktrace>
          </exception> <!-- java.lang.AssertionError -->
          <reporter-output>
          </reporter-output>
        </test-method> <!-- retryTest -->
        <test-method status="PASS" signature="afterEachTestMethod(org.testng.ITestResult)[pri:0, instance:progresive.qa.test.auto.AutoTestHashMapDataProvider@5f71c76a]" name="afterEachTestMethod" is-config="true" duration-ms="225" started-at="2022-06-07T16:58:07 EDT" finished-at="2022-06-07T16:58:07 EDT">
          <params>
            <param index="0">
              <value>
                <![CDATA[[TestResult name=retryTest status=FAILURE method=AutoTestHashMapDataProvider.retryTest()[pri:0, instance:progresive.qa.test.auto.AutoTestHashMapDataProvider@5f71c76a] output={null}]]]>
              </value>
            </param>
          </params>
          <reporter-output>
            <line>
              <![CDATA[Test Failed & Sceenshot taken in location : C:\Users\mdnas\eclipse-workspace\com.progressive.2022\screenShots\error_06072022_04.58.07.png<br>]]>
            </line>
          </reporter-output>
        </test-method> <!-- afterEachTestMethod -->
        <test-method status="PASS" signature="cleaningUp()[pri:0, instance:progresive.qa.test.auto.AutoTestHashMapDataProvider@5f71c76a]" name="cleaningUp" is-config="true" duration-ms="646" started-at="2022-06-07T16:58:07 EDT" finished-at="2022-06-07T16:58:08 EDT">
          <reporter-output>
          </reporter-output>
        </test-method> <!-- cleaningUp -->
        <test-method status="PASS" signature="setUp(java.lang.String)[pri:0, instance:progresive.qa.test.auto.AutoTestHashMapDataProvider@5f71c76a]" name="setUp" is-config="true" duration-ms="3088" started-at="2022-06-07T16:58:08 EDT" finished-at="2022-06-07T16:58:11 EDT">
          <params>
            <param index="0">
              <value>
                <![CDATA[chrome]]>
              </value>
            </param>
          </params>
          <reporter-output>
          </reporter-output>
        </test-method> <!-- setUp -->
        <test-method status="PASS" signature="startReport(java.lang.reflect.Method)[pri:0, instance:progresive.qa.test.auto.AutoTestHashMapDataProvider@5f71c76a]" name="startReport" is-config="true" duration-ms="1" started-at="2022-06-07T16:58:11 EDT" finished-at="2022-06-07T16:58:11 EDT">
          <params>
            <param index="0">
              <value>
                <![CDATA[public void progresive.qa.test.auto.AutoTestHashMapDataProvider.retryTest2()]]>
              </value>
            </param>
          </params>
          <reporter-output>
          </reporter-output>
        </test-method> <!-- startReport -->
        <test-method status="SKIP" signature="retryTest2()[pri:0, instance:progresive.qa.test.auto.AutoTestHashMapDataProvider@5f71c76a]" name="retryTest2" duration-ms="2" retried="true" started-at="2022-06-07T16:58:11 EDT" finished-at="2022-06-07T16:58:11 EDT">
          <exception class="java.lang.AssertionError">
            <message>
              <![CDATA[null]]>
            </message>
            <full-stacktrace>
              <![CDATA[java.lang.AssertionError: null
at org.testng.Assert.fail(Assert.java:110)
at org.testng.Assert.fail(Assert.java:115)
at progresive.qa.test.auto.AutoTestHashMapDataProvider.retryTest2(AutoTestHashMapDataProvider.java:46)
at sun.reflect.NativeMethodAccessorImpl.invoke0(Native Method)
at sun.reflect.NativeMethodAccessorImpl.invoke(NativeMethodAccessorImpl.java:62)
at sun.reflect.DelegatingMethodAccessorImpl.invoke(DelegatingMethodAccessorImpl.java:43)
at java.lang.reflect.Method.invoke(Method.java:498)
at org.testng.internal.invokers.MethodInvocationHelper.invokeMethod(MethodInvocationHelper.java:135)
at org.testng.internal.invokers.TestInvoker.invokeMethod(TestInvoker.java:673)
at org.testng.internal.invokers.TestInvoker.invokeTestMethod(TestInvoker.java:220)
at org.testng.internal.invokers.MethodRunner.runInSequence(MethodRunner.java:50)
at org.testng.internal.invokers.TestInvoker$MethodInvocationAgent.invoke(TestInvoker.java:945)
at org.testng.internal.invokers.TestInvoker.invokeTestMethods(TestInvoker.java:193)
at org.testng.internal.invokers.TestMethodWorker.invokeTestMethods(TestMethodWorker.java:146)
at org.testng.internal.invokers.TestMethodWorker.run(TestMethodWorker.java:128)
at java.util.ArrayList.forEach(ArrayList.java:1259)
at org.testng.TestRunner.privateRun(TestRunner.java:808)
at org.testng.TestRunner.run(TestRunner.java:603)
at org.testng.SuiteRunner.runTest(SuiteRunner.java:429)
at org.testng.SuiteRunner.runSequentially(SuiteRunner.java:423)
at org.testng.SuiteRunner.privateRun(SuiteRunner.java:383)
at org.testng.SuiteRunner.run(SuiteRunner.java:326)
at org.testng.SuiteRunnerWorker.runSuite(SuiteRunnerWorker.java:52)
at org.testng.SuiteRunnerWorker.run(SuiteRunnerWorker.java:95)
at org.testng.TestNG.runSuitesSequentially(TestNG.java:1249)
at org.testng.TestNG.runSuitesLocally(TestNG.java:1169)
at org.testng.TestNG.runSuites(TestNG.java:1092)
at org.testng.TestNG.run(TestNG.java:1060)
at org.testng.remote.AbstractRemoteTestNG.run(AbstractRemoteTestNG.java:115)
at org.testng.remote.RemoteTestNG.initAndRun(RemoteTestNG.java:251)
at org.testng.remote.RemoteTestNG.main(RemoteTestNG.java:77)
]]>
            </full-stacktrace>
          </exception> <!-- java.lang.AssertionError -->
          <reporter-output>
          </reporter-output>
        </test-method> <!-- retryTest2 -->
        <test-method status="PASS" signature="afterEachTestMethod(org.testng.ITestResult)[pri:0, instance:progresive.qa.test.auto.AutoTestHashMapDataProvider@5f71c76a]" name="afterEachTestMethod" is-config="true" duration-ms="0" started-at="2022-06-07T16:58:11 EDT" finished-at="2022-06-07T16:58:11 EDT">
          <params>
            <param index="0">
              <value>
                <![CDATA[[TestResult name=retryTest2 status=SKIP method=AutoTestHashMapDataProvider.retryTest2()[pri:0, instance:progresive.qa.test.auto.AutoTestHashMapDataProvider@5f71c76a] output={null}]]]>
              </value>
            </param>
          </params>
          <reporter-output>
          </reporter-output>
        </test-method> <!-- afterEachTestMethod -->
        <test-method status="PASS" signature="cleaningUp()[pri:0, instance:progresive.qa.test.auto.AutoTestHashMapDataProvider@5f71c76a]" name="cleaningUp" is-config="true" duration-ms="656" started-at="2022-06-07T16:58:11 EDT" finished-at="2022-06-07T16:58:12 EDT">
          <reporter-output>
          </reporter-output>
        </test-method> <!-- cleaningUp -->
        <test-method status="PASS" signature="setUp(java.lang.String)[pri:0, instance:progresive.qa.test.auto.AutoTestHashMapDataProvider@5f71c76a]" name="setUp" is-config="true" duration-ms="3526" started-at="2022-06-07T16:58:12 EDT" finished-at="2022-06-07T16:58:15 EDT">
          <params>
            <param index="0">
              <value>
                <![CDATA[chrome]]>
              </value>
            </param>
          </params>
          <reporter-output>
          </reporter-output>
        </test-method> <!-- setUp -->
        <test-method status="SKIP" signature="retryTest2()[pri:0, instance:progresive.qa.test.auto.AutoTestHashMapDataProvider@5f71c76a]" name="retryTest2" duration-ms="1" retried="true" started-at="2022-06-07T16:58:15 EDT" finished-at="2022-06-07T16:58:15 EDT">
          <exception class="java.lang.AssertionError">
            <message>
              <![CDATA[null]]>
            </message>
            <full-stacktrace>
              <![CDATA[java.lang.AssertionError: null
at org.testng.Assert.fail(Assert.java:110)
at org.testng.Assert.fail(Assert.java:115)
at progresive.qa.test.auto.AutoTestHashMapDataProvider.retryTest2(AutoTestHashMapDataProvider.java:46)
at sun.reflect.NativeMethodAccessorImpl.invoke0(Native Method)
at sun.reflect.NativeMethodAccessorImpl.invoke(NativeMethodAccessorImpl.java:62)
at sun.reflect.DelegatingMethodAccessorImpl.invoke(DelegatingMethodAccessorImpl.java:43)
at java.lang.reflect.Method.invoke(Method.java:498)
at org.testng.internal.invokers.MethodInvocationHelper.invokeMethod(MethodInvocationHelper.java:135)
at org.testng.internal.invokers.TestInvoker.invokeMethod(TestInvoker.java:673)
at org.testng.internal.invokers.TestInvoker.retryFailed(TestInvoker.java:262)
at org.testng.internal.invokers.MethodRunner.runInSequence(MethodRunner.java:62)
at org.testng.internal.invokers.TestInvoker$MethodInvocationAgent.invoke(TestInvoker.java:945)
at org.testng.internal.invokers.TestInvoker.invokeTestMethods(TestInvoker.java:193)
at org.testng.internal.invokers.TestMethodWorker.invokeTestMethods(TestMethodWorker.java:146)
at org.testng.internal.invokers.TestMethodWorker.run(TestMethodWorker.java:128)
at java.util.ArrayList.forEach(ArrayList.java:1259)
at org.testng.TestRunner.privateRun(TestRunner.java:808)
at org.testng.TestRunner.run(TestRunner.java:603)
at org.testng.SuiteRunner.runTest(SuiteRunner.java:429)
at org.testng.SuiteRunner.runSequentially(SuiteRunner.java:423)
at org.testng.SuiteRunner.privateRun(SuiteRunner.java:383)
at org.testng.SuiteRunner.run(SuiteRunner.java:326)
at org.testng.SuiteRunnerWorker.runSuite(SuiteRunnerWorker.java:52)
at org.testng.SuiteRunnerWorker.run(SuiteRunnerWorker.java:95)
at org.testng.TestNG.runSuitesSequentially(TestNG.java:1249)
at org.testng.TestNG.runSuitesLocally(TestNG.java:1169)
at org.testng.TestNG.runSuites(TestNG.java:1092)
at org.testng.TestNG.run(TestNG.java:1060)
at org.testng.remote.AbstractRemoteTestNG.run(AbstractRemoteTestNG.java:115)
at org.testng.remote.RemoteTestNG.initAndRun(RemoteTestNG.java:251)
at org.testng.remote.RemoteTestNG.main(RemoteTestNG.java:77)
]]>
            </full-stacktrace>
          </exception> <!-- java.lang.AssertionError -->
          <reporter-output>
          </reporter-output>
        </test-method> <!-- retryTest2 -->
        <test-method status="PASS" signature="startReport(java.lang.reflect.Method)[pri:0, instance:progresive.qa.test.auto.AutoTestHashMapDataProvider@5f71c76a]" name="startReport" is-config="true" duration-ms="0" started-at="2022-06-07T16:58:15 EDT" finished-at="2022-06-07T16:58:15 EDT">
          <params>
            <param index="0">
              <value>
                <![CDATA[public void progresive.qa.test.auto.AutoTestHashMapDataProvider.retryTest2()]]>
              </value>
            </param>
          </params>
          <reporter-output>
          </reporter-output>
        </test-method> <!-- startReport -->
        <test-method status="PASS" signature="cleaningUp()[pri:0, instance:progresive.qa.test.auto.AutoTestHashMapDataProvider@5f71c76a]" name="cleaningUp" is-config="true" duration-ms="663" started-at="2022-06-07T16:58:15 EDT" finished-at="2022-06-07T16:58:16 EDT">
          <reporter-output>
          </reporter-output>
        </test-method> <!-- cleaningUp -->
        <test-method status="PASS" signature="afterEachTestMethod(org.testng.ITestResult)[pri:0, instance:progresive.qa.test.auto.AutoTestHashMapDataProvider@5f71c76a]" name="afterEachTestMethod" is-config="true" duration-ms="0" started-at="2022-06-07T16:58:15 EDT" finished-at="2022-06-07T16:58:15 EDT">
          <params>
            <param index="0">
              <value>
                <![CDATA[[TestResult name=retryTest2 status=SKIP method=AutoTestHashMapDataProvider.retryTest2()[pri:0, instance:progresive.qa.test.auto.AutoTestHashMapDataProvider@5f71c76a] output={null}]]]>
              </value>
            </param>
          </params>
          <reporter-output>
          </reporter-output>
        </test-method> <!-- afterEachTestMethod -->
        <test-method status="PASS" signature="setUp(java.lang.String)[pri:0, instance:progresive.qa.test.auto.AutoTestHashMapDataProvider@5f71c76a]" name="setUp" is-config="true" duration-ms="2930" started-at="2022-06-07T16:58:16 EDT" finished-at="2022-06-07T16:58:19 EDT">
          <params>
            <param index="0">
              <value>
                <![CDATA[chrome]]>
              </value>
            </param>
          </params>
          <reporter-output>
          </reporter-output>
        </test-method> <!-- setUp -->
        <test-method status="PASS" signature="startReport(java.lang.reflect.Method)[pri:0, instance:progresive.qa.test.auto.AutoTestHashMapDataProvider@5f71c76a]" name="startReport" is-config="true" duration-ms="1" started-at="2022-06-07T16:58:19 EDT" finished-at="2022-06-07T16:58:19 EDT">
          <params>
            <param index="0">
              <value>
                <![CDATA[public void progresive.qa.test.auto.AutoTestHashMapDataProvider.retryTest2()]]>
              </value>
            </param>
          </params>
          <reporter-output>
          </reporter-output>
        </test-method> <!-- startReport -->
        <test-method status="SKIP" signature="retryTest2()[pri:0, instance:progresive.qa.test.auto.AutoTestHashMapDataProvider@5f71c76a]" name="retryTest2" duration-ms="1" retried="true" started-at="2022-06-07T16:58:19 EDT" finished-at="2022-06-07T16:58:19 EDT">
          <exception class="java.lang.AssertionError">
            <message>
              <![CDATA[null]]>
            </message>
            <full-stacktrace>
              <![CDATA[java.lang.AssertionError: null
at org.testng.Assert.fail(Assert.java:110)
at org.testng.Assert.fail(Assert.java:115)
at progresive.qa.test.auto.AutoTestHashMapDataProvider.retryTest2(AutoTestHashMapDataProvider.java:46)
at sun.reflect.NativeMethodAccessorImpl.invoke0(Native Method)
at sun.reflect.NativeMethodAccessorImpl.invoke(NativeMethodAccessorImpl.java:62)
at sun.reflect.DelegatingMethodAccessorImpl.invoke(DelegatingMethodAccessorImpl.java:43)
at java.lang.reflect.Method.invoke(Method.java:498)
at org.testng.internal.invokers.MethodInvocationHelper.invokeMethod(MethodInvocationHelper.java:135)
at org.testng.internal.invokers.TestInvoker.invokeMethod(TestInvoker.java:673)
at org.testng.internal.invokers.TestInvoker.retryFailed(TestInvoker.java:262)
at org.testng.internal.invokers.MethodRunner.runInSequence(MethodRunner.java:62)
at org.testng.internal.invokers.TestInvoker$MethodInvocationAgent.invoke(TestInvoker.java:945)
at org.testng.internal.invokers.TestInvoker.invokeTestMethods(TestInvoker.java:193)
at org.testng.internal.invokers.TestMethodWorker.invokeTestMethods(TestMethodWorker.java:146)
at org.testng.internal.invokers.TestMethodWorker.run(TestMethodWorker.java:128)
at java.util.ArrayList.forEach(ArrayList.java:1259)
at org.testng.TestRunner.privateRun(TestRunner.java:808)
at org.testng.TestRunner.run(TestRunner.java:603)
at org.testng.SuiteRunner.runTest(SuiteRunner.java:429)
at org.testng.SuiteRunner.runSequentially(SuiteRunner.java:423)
at org.testng.SuiteRunner.privateRun(SuiteRunner.java:383)
at org.testng.SuiteRunner.run(SuiteRunner.java:326)
at org.testng.SuiteRunnerWorker.runSuite(SuiteRunnerWorker.java:52)
at org.testng.SuiteRunnerWorker.run(SuiteRunnerWorker.java:95)
at org.testng.TestNG.runSuitesSequentially(TestNG.java:1249)
at org.testng.TestNG.runSuitesLocally(TestNG.java:1169)
at org.testng.TestNG.runSuites(TestNG.java:1092)
at org.testng.TestNG.run(TestNG.java:1060)
at org.testng.remote.AbstractRemoteTestNG.run(AbstractRemoteTestNG.java:115)
at org.testng.remote.RemoteTestNG.initAndRun(RemoteTestNG.java:251)
at org.testng.remote.RemoteTestNG.main(RemoteTestNG.java:77)
]]>
            </full-stacktrace>
          </exception> <!-- java.lang.AssertionError -->
          <reporter-output>
          </reporter-output>
        </test-method> <!-- retryTest2 -->
        <test-method status="PASS" signature="afterEachTestMethod(org.testng.ITestResult)[pri:0, instance:progresive.qa.test.auto.AutoTestHashMapDataProvider@5f71c76a]" name="afterEachTestMethod" is-config="true" duration-ms="1" started-at="2022-06-07T16:58:19 EDT" finished-at="2022-06-07T16:58:19 EDT">
          <params>
            <param index="0">
              <value>
                <![CDATA[[TestResult name=retryTest2 status=SKIP method=AutoTestHashMapDataProvider.retryTest2()[pri:0, instance:progresive.qa.test.auto.AutoTestHashMapDataProvider@5f71c76a] output={null}]]]>
              </value>
            </param>
          </params>
          <reporter-output>
          </reporter-output>
        </test-method> <!-- afterEachTestMethod -->
        <test-method status="PASS" signature="cleaningUp()[pri:0, instance:progresive.qa.test.auto.AutoTestHashMapDataProvider@5f71c76a]" name="cleaningUp" is-config="true" duration-ms="660" started-at="2022-06-07T16:58:19 EDT" finished-at="2022-06-07T16:58:19 EDT">
          <reporter-output>
          </reporter-output>
        </test-method> <!-- cleaningUp -->
        <test-method status="PASS" signature="setUp(java.lang.String)[pri:0, instance:progresive.qa.test.auto.AutoTestHashMapDataProvider@5f71c76a]" name="setUp" is-config="true" duration-ms="2935" started-at="2022-06-07T16:58:19 EDT" finished-at="2022-06-07T16:58:22 EDT">
          <params>
            <param index="0">
              <value>
                <![CDATA[chrome]]>
              </value>
            </param>
          </params>
          <reporter-output>
          </reporter-output>
        </test-method> <!-- setUp -->
        <test-method status="PASS" signature="startReport(java.lang.reflect.Method)[pri:0, instance:progresive.qa.test.auto.AutoTestHashMapDataProvider@5f71c76a]" name="startReport" is-config="true" duration-ms="1" started-at="2022-06-07T16:58:22 EDT" finished-at="2022-06-07T16:58:22 EDT">
          <params>
            <param index="0">
              <value>
                <![CDATA[public void progresive.qa.test.auto.AutoTestHashMapDataProvider.retryTest2()]]>
              </value>
            </param>
          </params>
          <reporter-output>
          </reporter-output>
        </test-method> <!-- startReport -->
        <test-method status="FAIL" signature="retryTest2()[pri:0, instance:progresive.qa.test.auto.AutoTestHashMapDataProvider@5f71c76a]" name="retryTest2" duration-ms="2" started-at="2022-06-07T16:58:22 EDT" finished-at="2022-06-07T16:58:22 EDT">
          <exception class="java.lang.AssertionError">
            <message>
              <![CDATA[null]]>
            </message>
            <full-stacktrace>
              <![CDATA[java.lang.AssertionError: null
at org.testng.Assert.fail(Assert.java:110)
at org.testng.Assert.fail(Assert.java:115)
at progresive.qa.test.auto.AutoTestHashMapDataProvider.retryTest2(AutoTestHashMapDataProvider.java:46)
at sun.reflect.NativeMethodAccessorImpl.invoke0(Native Method)
at sun.reflect.NativeMethodAccessorImpl.invoke(NativeMethodAccessorImpl.java:62)
at sun.reflect.DelegatingMethodAccessorImpl.invoke(DelegatingMethodAccessorImpl.java:43)
at java.lang.reflect.Method.invoke(Method.java:498)
at org.testng.internal.invokers.MethodInvocationHelper.invokeMethod(MethodInvocationHelper.java:135)
at org.testng.internal.invokers.TestInvoker.invokeMethod(TestInvoker.java:673)
at org.testng.internal.invokers.TestInvoker.retryFailed(TestInvoker.java:262)
at org.testng.internal.invokers.MethodRunner.runInSequence(MethodRunner.java:62)
at org.testng.internal.invokers.TestInvoker$MethodInvocationAgent.invoke(TestInvoker.java:945)
at org.testng.internal.invokers.TestInvoker.invokeTestMethods(TestInvoker.java:193)
at org.testng.internal.invokers.TestMethodWorker.invokeTestMethods(TestMethodWorker.java:146)
at org.testng.internal.invokers.TestMethodWorker.run(TestMethodWorker.java:128)
at java.util.ArrayList.forEach(ArrayList.java:1259)
at org.testng.TestRunner.privateRun(TestRunner.java:808)
at org.testng.TestRunner.run(TestRunner.java:603)
at org.testng.SuiteRunner.runTest(SuiteRunner.java:429)
at org.testng.SuiteRunner.runSequentially(SuiteRunner.java:423)
at org.testng.SuiteRunner.privateRun(SuiteRunner.java:383)
at org.testng.SuiteRunner.run(SuiteRunner.java:326)
at org.testng.SuiteRunnerWorker.runSuite(SuiteRunnerWorker.java:52)
at org.testng.SuiteRunnerWorker.run(SuiteRunnerWorker.java:95)
at org.testng.TestNG.runSuitesSequentially(TestNG.java:1249)
at org.testng.TestNG.runSuitesLocally(TestNG.java:1169)
at org.testng.TestNG.runSuites(TestNG.java:1092)
at org.testng.TestNG.run(TestNG.java:1060)
at org.testng.remote.AbstractRemoteTestNG.run(AbstractRemoteTestNG.java:115)
at org.testng.remote.RemoteTestNG.initAndRun(RemoteTestNG.java:251)
at org.testng.remote.RemoteTestNG.main(RemoteTestNG.java:77)
]]>
            </full-stacktrace>
          </exception> <!-- java.lang.AssertionError -->
          <reporter-output>
          </reporter-output>
        </test-method> <!-- retryTest2 -->
        <test-method status="PASS" signature="afterEachTestMethod(org.testng.ITestResult)[pri:0, instance:progresive.qa.test.auto.AutoTestHashMapDataProvider@5f71c76a]" name="afterEachTestMethod" is-config="true" duration-ms="244" started-at="2022-06-07T16:58:22 EDT" finished-at="2022-06-07T16:58:23 EDT">
          <params>
            <param index="0">
              <value>
                <![CDATA[[TestResult name=retryTest2 status=FAILURE method=AutoTestHashMapDataProvider.retryTest2()[pri:0, instance:progresive.qa.test.auto.AutoTestHashMapDataProvider@5f71c76a] output={null}]]]>
              </value>
            </param>
          </params>
          <reporter-output>
            <line>
              <![CDATA[Test Failed & Sceenshot taken in location : C:\Users\mdnas\eclipse-workspace\com.progressive.2022\screenShots\error_06072022_04.58.22.png<br>]]>
            </line>
          </reporter-output>
        </test-method> <!-- afterEachTestMethod -->
        <test-method status="PASS" signature="cleaningUp()[pri:0, instance:progresive.qa.test.auto.AutoTestHashMapDataProvider@5f71c76a]" name="cleaningUp" is-config="true" duration-ms="678" started-at="2022-06-07T16:58:23 EDT" finished-at="2022-06-07T16:58:23 EDT">
          <reporter-output>
          </reporter-output>
        </test-method> <!-- cleaningUp -->
        <test-method status="PASS" signature="endReport()[pri:0, instance:progresive.qa.test.auto.AutoTestHashMapDataProvider@5f71c76a]" name="endReport" is-config="true" duration-ms="326" started-at="2022-06-07T16:58:23 EDT" finished-at="2022-06-07T16:58:24 EDT">
          <reporter-output>
          </reporter-output>
        </test-method> <!-- endReport -->
      </class> <!-- progresive.qa.test.auto.AutoTestHashMapDataProvider -->
    </test> <!-- Test -->
  </suite> <!-- Suite -->
</testng-results>
