<?xml version="1.0" encoding="UTF-8"?>
<!-- Generated by org.testng.reporters.JUnitReportReporter -->
<testsuite skipped="3" hostname="Nas" name="progresive.qa.test.auto.AutoTestRobust" tests="5" failures="1" timestamp="2022-05-22T23:11:05 EDT" time="44.587" errors="0">
  <testcase name="bmwTestWithoutParam" time="40.689" classname="progresive.qa.test.auto.AutoTestRobust">
    <failure type="java.lang.AssertionError" message="null">
      <![CDATA[java.lang.AssertionError: null
at org.testng.Assert.fail(Assert.java:110)
at org.testng.Assert.fail(Assert.java:115)
at commons.CommonActions.selectByValue(CommonActions.java:95)
at objects.VehicleDetailsPage.selectVehicleBodyType(VehicleDetailsPage.java:57)
at objects.VehicleDetailsPage.vehicleDetailsPageSteps(VehicleDetailsPage.java:114)
at progresive.qa.test.auto.AutoTestRobust.bmwTestWithoutParam(AutoTestRobust.java:26)
at sun.reflect.NativeMethodAccessorImpl.invoke0(Native Method)
at sun.reflect.NativeMethodAccessorImpl.invoke(NativeMethodAccessorImpl.java:62)
at sun.reflect.DelegatingMethodAccessorImpl.invoke(DelegatingMethodAccessorImpl.java:43)
at java.lang.reflect.Method.invoke(Method.java:498)
at org.testng.internal.invokers.MethodInvocationHelper.invokeMethod(MethodInvocationHelper.java:135)
at org.testng.internal.invokers.TestInvoker.invokeMethod(TestInvoker.java:673)
at org.testng.internal.invokers.TestInvoker.invokeTestMethod(TestInvoker.java:220)
at org.testng.internal.invokers.MethodRunner.runInSequence(MethodRunner.java:50)
at org.testng.internal.invokers.TestInvoker$MethodInvocationAgent.invoke(TestInvoker.java:945)
at org.testng.internal.invokers.TestInvoker.invokeTestMethods(TestInvoker.java:193)
at org.testng.internal.invokers.TestMethodWorker.invokeTestMethods(TestMethodWorker.java:146)
at org.testng.internal.invokers.TestMethodWorker.run(TestMethodWorker.java:128)
at java.util.ArrayList.forEach(ArrayList.java:1259)
at org.testng.TestRunner.privateRun(TestRunner.java:808)
at org.testng.TestRunner.run(TestRunner.java:603)
at org.testng.SuiteRunner.runTest(SuiteRunner.java:429)
at org.testng.SuiteRunner.runSequentially(SuiteRunner.java:423)
at org.testng.SuiteRunner.privateRun(SuiteRunner.java:383)
at org.testng.SuiteRunner.run(SuiteRunner.java:326)
at org.testng.SuiteRunnerWorker.runSuite(SuiteRunnerWorker.java:52)
at org.testng.SuiteRunnerWorker.run(SuiteRunnerWorker.java:95)
at org.testng.TestNG.runSuitesSequentially(TestNG.java:1249)
at org.testng.TestNG.runSuitesLocally(TestNG.java:1169)
at org.testng.TestNG.runSuites(TestNG.java:1092)
at org.testng.TestNG.run(TestNG.java:1060)
at org.testng.remote.AbstractRemoteTestNG.run(AbstractRemoteTestNG.java:115)
at org.testng.remote.RemoteTestNG.initAndRun(RemoteTestNG.java:251)
at org.testng.remote.RemoteTestNG.main(RemoteTestNG.java:77)
]]>
    </failure>
  </testcase> <!-- bmwTestWithoutParam -->
  <system-out>
    <![CDATA[Element is Cliking : [[ChromeDriver: chrome on WINDOWS (ba007906d196e017df0c037f75a7dd2b)] -> xpath: (//p[contains(text(),'Auto')])[1]]<br>
[[ChromeDriver: chrome on WINDOWS (ba007906d196e017df0c037f75a7dd2b)] -> tag name: h1] has text : Savings are in full bloom<br>
Actual : Savings are in full bloom<<<>>>Expeted : Savings are in full bloom<br>
Current URL is : https://www.progressive.com/#l<br>
11428 : value passed to element : [[ChromeDriver: chrome on WINDOWS (ba007906d196e017df0c037f75a7dd2b)] -> xpath: (//*[@name='ZipCode'])[1]]<br>
Current URL is : https://www.progressive.com/#l<br>
Element is Cliking : [[ChromeDriver: chrome on WINDOWS (ba007906d196e017df0c037f75a7dd2b)] -> xpath: (//input[@name='qsButton'])[1]]<br>
Jenny : value passed to element : [[ChromeDriver: chrome on WINDOWS (ba007906d196e017df0c037f75a7dd2b)] -> id: NameAndAddressEdit_embedded_questions_list_FirstName]<br>
H : value passed to element : [[ChromeDriver: chrome on WINDOWS (ba007906d196e017df0c037f75a7dd2b)] -> id: NameAndAddressEdit_embedded_questions_list_MiddleInitial]<br>
Doe : value passed to element : [[ChromeDriver: chrome on WINDOWS (ba007906d196e017df0c037f75a7dd2b)] -> id: NameAndAddressEdit_embedded_questions_list_LastName]<br>
Sleeping for : 0.5 seconds zZzz..<br>
II : value has been selected from the element : [[ChromeDriver: chrome on WINDOWS (ba007906d196e017df0c037f75a7dd2b)] -> id: NameAndAddressEdit_embedded_questions_list_Suffix]<br>
11/04/1987 : value passed to element : [[ChromeDriver: chrome on WINDOWS (ba007906d196e017df0c037f75a7dd2b)] -> id: NameAndAddressEdit_embedded_questions_list_DateOfBirth]<br>
12312 Liberty Avenue : value passed to element : [[ChromeDriver: chrome on WINDOWS (ba007906d196e017df0c037f75a7dd2b)] -> id: NameAndAddressEdit_embedded_questions_list_MailingAddress]<br>
2B : value passed to element : [[ChromeDriver: chrome on WINDOWS (ba007906d196e017df0c037f75a7dd2b)] -> id: NameAndAddressEdit_embedded_questions_list_ApartmentUnit]<br>
Jamaica : value passed to element : [[ChromeDriver: chrome on WINDOWS (ba007906d196e017df0c037f75a7dd2b)] -> id: NameAndAddressEdit_embedded_questions_list_City]<br>
[[ChromeDriver: chrome on WINDOWS (ba007906d196e017df0c037f75a7dd2b)] -> tag name: checkbox-input] : is Not selected<br>
Element is Cliking : [[ChromeDriver: chrome on WINDOWS (ba007906d196e017df0c037f75a7dd2b)] -> tag name: checkbox-input]<br>
Element is Cliking : [[ChromeDriver: chrome on WINDOWS (ba007906d196e017df0c037f75a7dd2b)] -> class name: blue]<br>
By.xpath: (//div[contains(.,'Required to continue')])[4] : Element is Present<br>
Current URL is : https://autoinsurance1.progressivedirect.com/0/UQA/Quote/NameAndAddressEdit<br>
12312 Liberty Avenue : value passed to element : [[ChromeDriver: chrome on WINDOWS (ba007906d196e017df0c037f75a7dd2b)] -> id: NameAndAddressEdit_embedded_questions_list_MailingAddress]<br>
2B : value passed to element : [[ChromeDriver: chrome on WINDOWS (ba007906d196e017df0c037f75a7dd2b)] -> id: NameAndAddressEdit_embedded_questions_list_ApartmentUnit]<br>
By.xpath: (//div[contains(.,'Required to continue')])[5] : Element is Present<br>
Jamaica : value passed to element : [[ChromeDriver: chrome on WINDOWS (ba007906d196e017df0c037f75a7dd2b)] -> id: NameAndAddressEdit_embedded_questions_list_City]<br>
Current URL is : https://autoinsurance1.progressivedirect.com/0/UQA/Quote/NameAndAddressEdit<br>
Element is Cliking : [[ChromeDriver: chrome on WINDOWS (ba007906d196e017df0c037f75a7dd2b)] -> class name: blue]<br>
Sleeping for : 0.5 seconds zZzz..<br>
2022 : value has been selected from the element : [[ChromeDriver: chrome on WINDOWS (ba007906d196e017df0c037f75a7dd2b)] -> id: VehiclesNew_embedded_questions_list_Year]<br>
Sleeping for : 0.5 seconds zZzz..<br>
BMW : value has been selected from the element : [[ChromeDriver: chrome on WINDOWS (ba007906d196e017df0c037f75a7dd2b)] -> id: VehiclesNew_embedded_questions_list_Make]<br>
Sleeping for : 0.5 seconds zZzz..<br>
230 : value has been selected from the element : [[ChromeDriver: chrome on WINDOWS (ba007906d196e017df0c037f75a7dd2b)] -> id: VehiclesNew_embedded_questions_list_Model]<br>
Sleeping for : 0.5 seconds zZzz..<br>
Locator doesn't match for : Proxy element for: DefaultElementLocator 'By.id: VehiclesNew_embedded_questions_list_BodyStyle'
no such element: Unable to locate element: {"method":"css selector","selector":"#VehiclesNew_embedded_questions_list_BodyStyle"}
  (Session info: chrome=101.0.4951.67)
For documentation on this error, please visit: https://selenium.dev/exceptions/#no_such_element
Build info: version: '4.1.3', revision: '7b1ebf28ef'
System info: host: 'NAS', ip: '192.168.1.168', os.name: 'Windows 10', os.arch: 'amd64', os.version: '10.0', java.version: '1.8.0_301'
Driver info: org.openqa.selenium.chrome.ChromeDriver
Command: [ba007906d196e017df0c037f75a7dd2b, findElement {using=id, value=VehiclesNew_embedded_questions_list_BodyStyle}]
Capabilities {acceptInsecureCerts: false, browserName: chrome, browserVersion: 101.0.4951.67, chrome: {chromedriverVersion: 101.0.4951.41 (93c720db8323..., userDataDir: C:\Users\mdnas\AppData\Loca...}, goog:chromeOptions: {debuggerAddress: localhost:65185}, javascriptEnabled: true, networkConnectionEnabled: false, pageLoadStrategy: normal, platform: WINDOWS, platformName: WINDOWS, proxy: Proxy(), se:cdp: ws://localhost:65185/devtoo..., se:cdpVersion: 101.0.4951.67, setWindowRect: true, strictFileInteractability: false, timeouts: {implicit: 0, pageLoad: 300000, script: 30000}, unhandledPromptBehavior: dismiss and notify, webauthn:extension:credBlob: true, webauthn:extension:largeBlob: true, webauthn:virtualAuthenticators: true}
Session ID: ba007906d196e017df0c037f75a7dd2b<br>]]>
  </system-out>
  <testcase name="dependsOnMethod" time="3.898" classname="progresive.qa.test.auto.AutoTestRobust"/>
  <system-out/>
  <testcase name="jeepTest" classname="progresive.qa.test.auto.AutoTestRobust">
    <skipped/>
  </testcase> <!-- jeepTest -->
  <system-out/>
  <testcase name="bmwTest" classname="progresive.qa.test.auto.AutoTestRobust">
    <skipped/>
  </testcase> <!-- bmwTest -->
  <system-out/>
  <testcase name="dependsOnGroups" classname="progresive.qa.test.auto.AutoTestRobust">
    <skipped/>
  </testcase> <!-- dependsOnGroups -->
  <system-out/>
</testsuite> <!-- progresive.qa.test.auto.AutoTestRobust -->
